<?xml version="1.0" encoding="UTF-8"?>
<testsuite name="com.lessons.LessonsApplicationTests" tests="1" skipped="0" failures="0" errors="0" timestamp="2026-09-09T12:32:46.771Z" hostname="MacP30s-MacBook-Pro.local" time="1.867">
  <properties/>
  <testcase name="contextLoads()" classname="com.lessons.LessonsApplicationTests" time="0.264"/>
  <system-out><![CDATA[16:32:46.813 [Test worker] INFO org.springframework.test.context.support.AnnotationConfigContextLoaderUtils -- Could not detect default configuration classes for test class [com.lessons.LessonsApplicationTests]: LessonsApplicationTests does not declare any static, non-private, non-final, nested classes annotated with @Configuration.
16:32:46.846 [Test worker] INFO org.springframework.boot.test.context.SpringBootTestContextBootstrapper -- Found @SpringBootConfiguration com.lessons.LessonsApplication for test class com.lessons.LessonsApplicationTests

  .   ____          _            __ _ _
 /\\ / ___'_ __ _ _(_)_ __  __ _ \ \ \ \
( ( )\___ | '_ | '_| | '_ \/ _` | \ \ \ \
 \\/  ___)| |_)| | | | | || (_| |  ) ) ) )
  '  |____| .__|_| |_|_| |_\__, | / / / /
 =========|_|==============|___/=/_/_/_/

 :: Spring Boot ::                (v3.5.3)

2026-09-09T16:32:46.968+04:00  INFO 1071 --- [lessons] [    Test worker] com.lessons.LessonsApplicationTests      : Starting LessonsApplicationTests using Java 21.0.12.1 with PID 1071 (started by macp30 in /Users/macp30/projects/Java/Lessons)
2026-09-09T16:32:46.969+04:00  INFO 1071 --- [lessons] [    Test worker] com.lessons.LessonsApplicationTests      : No active profile set, falling back to 1 default profile: "default"
2026-09-09T16:32:47.163+04:00  INFO 1071 --- [lessons] [    Test worker] .s.d.r.c.RepositoryConfigurationDelegate : Bootstrapping Spring Data JPA repositories in DEFAULT mode.
2026-09-09T16:32:47.185+04:00  INFO 1071 --- [lessons] [    Test worker] .s.d.r.c.RepositoryConfigurationDelegate : Finished Spring Data repository scanning in 18 ms. Found 7 JPA repository interfaces.
2026-09-09T16:32:47.304+04:00  INFO 1071 --- [lessons] [    Test worker] o.hibernate.jpa.internal.util.LogHelper  : HHH000204: Processing PersistenceUnitInfo [name: default]
2026-09-09T16:32:47.317+04:00  INFO 1071 --- [lessons] [    Test worker] org.hibernate.Version                    : HHH000412: Hibernate ORM core version 6.6.18.Final
2026-09-09T16:32:47.326+04:00  INFO 1071 --- [lessons] [    Test worker] o.h.c.internal.RegionFactoryInitiator    : HHH000026: Second-level cache disabled
2026-09-09T16:32:47.405+04:00  INFO 1071 --- [lessons] [    Test worker] o.s.o.j.p.SpringPersistenceUnitInfo      : No LoadTimeWeaver setup: ignoring JPA class transformer
2026-09-09T16:32:47.414+04:00  INFO 1071 --- [lessons] [    Test worker] com.zaxxer.hikari.HikariDataSource       : HikariPool-1 - Starting...
2026-09-09T16:32:47.487+04:00  INFO 1071 --- [lessons] [    Test worker] com.zaxxer.hikari.pool.HikariPool        : HikariPool-1 - Added connection org.postgresql.jdbc.PgConnection@3e2c4d4b
2026-09-09T16:32:47.488+04:00  INFO 1071 --- [lessons] [    Test worker] com.zaxxer.hikari.HikariDataSource       : HikariPool-1 - Start completed.
2026-09-09T16:32:47.519+04:00  INFO 1071 --- [lessons] [    Test worker] org.hibernate.orm.connections.pooling    : HHH10001005: Database info:
	Database JDBC URL [Connecting through datasource 'HikariDataSource (HikariPool-1)']
	Database driver: undefined/unknown
	Database version: 16.8
	Autocommit mode: undefined/unknown
	Isolation level: undefined/unknown
	Minimum pool size: undefined/unknown
	Maximum pool size: undefined/unknown
2026-09-09T16:32:47.909+04:00  INFO 1071 --- [lessons] [    Test worker] o.h.e.t.j.p.i.JtaPlatformInitiator       : HHH000489: No JTA platform available (set 'hibernate.transaction.jta.platform' to enable JTA platform integration)
2026-09-09T16:32:48.074+04:00  INFO 1071 --- [lessons] [    Test worker] j.LocalContainerEntityManagerFactoryBean : Initialized JPA EntityManagerFactory for persistence unit 'default'
2026-09-09T16:32:48.258+04:00  WARN 1071 --- [lessons] [    Test worker] JpaBaseConfiguration$JpaWebConfiguration : spring.jpa.open-in-view is enabled by default. Therefore, database queries may be performed during view rendering. Explicitly configure spring.jpa.open-in-view to disable this warning
2026-09-09T16:32:48.371+04:00  INFO 1071 --- [lessons] [    Test worker] com.lessons.LessonsApplicationTests      : Started LessonsApplicationTests in 1.481 seconds (process running for 1.865)
]]></system-out>
  <system-err><![CDATA[Mockito is currently self-attaching to enable the inline-mock-maker. This will no longer work in future releases of the JDK. Please add Mockito as an agent to your build as described in Mockito's documentation: https://javadoc.io/doc/org.mockito/mockito-core/latest/org.mockito/org/mockito/Mockito.html#0.3
WARNING: A Java agent has been loaded dynamically (/Users/macp30/.gradle/caches/modules-2/files-2.1/net.bytebuddy/byte-buddy-agent/1.17.6/17b32fd9f57deef02842f7f05abc4ad8127fe34e/byte-buddy-agent-1.17.6.jar)
WARNING: If a serviceability tool is in use, please run with -XX:+EnableDynamicAgentLoading to hide this warning
WARNING: If a serviceability tool is not in use, please run with -Djdk.instrument.traceUsage for more information
WARNING: Dynamic loading of agents will be disallowed by default in a future release
]]></system-err>
</testsuite>
